{"level":"info","message":"User undefined is attempting to buy book 64be403319e8e0b3c5febc1c.","timestamp":"2023-07-30T12:02:34.949Z"}
{"level":"info","message":"User undefinedpurchased the book of id:64be403319e8e0b3c5febc1c.","timestamp":"2023-07-30T12:02:35.639Z"}
{"level":"info","message":"User undefined is attempting to buy book 64be403319e8e0b3c5febc1c.","timestamp":"2023-07-30T12:03:28.347Z"}
{"level":"info","message":"User undefined is attempting to buy book 64be403319e8e0b3c5febc1c.","timestamp":"2023-07-30T12:04:04.097Z"}
{"level":"info","message":"User priya@gmail.com is attempting to buy book 64be403319e8e0b3c5febc1c.","timestamp":"2023-07-30T12:06:37.064Z"}
{"level":"info","message":"User priya@gmail.compurchased the book of id:64be403319e8e0b3c5febc1c.","timestamp":"2023-07-30T12:06:37.594Z"}
{"level":"info","message":"User priya@gmail.com is attempting to buy book 64be403319e8e0b3c5febc1c.","timestamp":"2023-07-30T12:23:43.302Z"}
{"level":"info","message":"User priy@gmail.com is attempting to buy book 64be403319e8e0b3c5febc1c.","timestamp":"2023-07-30T12:24:18.793Z"}
{"level":"info","message":"User priy@gmail.com is attempting to buy book 64be403319e8e0b3c5febc1c.","timestamp":"2023-07-30T12:24:44.583Z"}
{"level":"info","message":"User priy@gmail.com purchased the book of id:64be403319e8e0b3c5febc1c.","timestamp":"2023-07-30T12:24:45.193Z"}
{"level":"info","message":"User sonu@gmail.com is attempting to buy book 64be403319e8e0b3c5febc1c.","timestamp":"2023-07-30T19:08:17.704Z"}
{"level":"info","message":"User sonu@gmail.com purchased the book of id:64be403319e8e0b3c5febc1c.","timestamp":"2023-07-30T19:08:18.438Z"}
{"level":"info","message":"User sonu@gmailcom is attempting to buy book 64be403319e8e0b3c5febc1c.","timestamp":"2023-07-30T19:08:25.447Z"}
{"level":"info","message":"User sonu@gmailcom purchased the book of id:64be403319e8e0b3c5febc1c.","timestamp":"2023-07-30T19:08:26.006Z"}
{"level":"info","message":"User sonu@gmailcom is attempting to buy book 64be404919e8e0b3c5febc1f.","timestamp":"2023-07-30T19:13:30.476Z"}
{"level":"info","message":"User sonu@gmailcom purchased the book of id:64be404919e8e0b3c5febc1f.","timestamp":"2023-07-30T19:13:31.189Z"}
{"level":"info","message":"User sonu@gmailcom is attempting to buy book 64be404919e8e0b3c5febc1f.","timestamp":"2023-07-31T06:47:35.951Z"}
{"level":"info","message":"User sonu@gmailcom purchased the book of id:64be404919e8e0b3c5febc1f.","timestamp":"2023-07-31T06:47:36.771Z"}
{"level":"info","message":"User sonu@gmailcom is attempting to buy book 64be404919e8e0b3c5febc1f.","timestamp":"2023-07-31T06:47:59.186Z"}
{"level":"info","message":"User sonu@gmailcom is attempting to buy book 64be404919e8e0b3c5yubc1f.","timestamp":"2023-07-31T06:50:23.306Z"}
{"level":"info","message":"User undefined is attempting to buy book 64be404919e8e0b3c5yubc1f.","timestamp":"2023-07-31T06:52:02.425Z"}
{"level":"info","message":"User undefined is attempting to buy book 64be404919e8e0b3c5yubc1f.","timestamp":"2023-07-31T06:52:07.463Z"}
{"level":"info","message":"User Email not entered. is attempting to buy book 64be404919e8e0b3c5yubc1f.","timestamp":"2023-07-31T06:52:37.559Z"}
{"level":"info","message":"User Email not entered. is attempting to buy book 64be404919e8e0b3c5yubc1f.","timestamp":"2023-07-31T06:52:56.783Z"}
{"level":"info","message":"Payment is unsuccessfull.","timestamp":"2023-07-31T06:52:56.789Z"}
{"level":"info","message":"Payment is unsuccessfull.","timestamp":"2023-08-03T09:13:07.349Z"}
{"level":"info","message":"User undefined is attempting to buy book 64be404919e8e0b3c5yubc1f.","timestamp":"2023-08-03T09:14:50.628Z"}
{"level":"info","message":"Payment is unsuccessfull.","timestamp":"2023-08-03T09:14:50.637Z"}
{"level":"info","message":"User undefined is attempting to buy book 64be403319e8e0b3c5febc1c.","timestamp":"2023-08-03T09:15:23.570Z"}
{"level":"info","message":"User undefined purchased the book of id:64be403319e8e0b3c5febc1c.","timestamp":"2023-08-03T09:15:24.125Z"}
{"level":"info","message":"User undefined is attempting to buy book 64be403319e8e0b3c5febc1c.","timestamp":"2023-08-03T09:15:31.962Z"}
{"level":"info","message":"Payment is unsuccessfull.","timestamp":"2023-08-03T09:15:32.583Z"}
{"level":"info","message":"User undefined is attempting to buy book 64be403319e8e0b3c5febc1c.","timestamp":"2023-08-03T09:16:04.454Z"}
{"level":"info","message":"Payment is unsuccessfull.","timestamp":"2023-08-03T09:16:05.042Z"}
{"level":"info","message":"User undefined is attempting to buy book 64be403319e8e0b3c5febc1c.","timestamp":"2023-08-03T09:17:17.663Z"}
{"level":"info","message":"Payment is unsuccessfull.","timestamp":"2023-08-03T09:17:18.271Z"}
{"level":"info","message":"User undefined is attempting to buy book 64be403319e8e0b3c5febc1c.","timestamp":"2023-08-03T09:17:59.935Z"}
{"level":"info","message":"User undefined purchased the book of id:64be403319e8e0b3c5febc1c.","timestamp":"2023-08-03T09:18:00.485Z"}
{"level":"info","message":"User undefined is attempting to buy book 64be403319e8e0b3c5febc1c.","timestamp":"2023-08-03T09:18:08.216Z"}
{"level":"info","message":"Payment is unsuccessfull.","timestamp":"2023-08-03T09:18:08.741Z"}
{"level":"info","message":"User undefined is attempting to buy book 64be403319e8e0b3c5febc1c.","timestamp":"2023-08-03T09:18:44.941Z"}
{"level":"info","message":"Payment is unsuccessfull.","timestamp":"2023-08-03T09:18:45.777Z"}
{"level":"info","message":"User undefined is attempting to buy book 64be403319e8e0b3c5febc1c.","timestamp":"2023-08-03T09:19:28.784Z"}
{"level":"info","message":"User undefined purchased the book of id:64be403319e8e0b3c5febc1c.","timestamp":"2023-08-03T09:19:29.351Z"}
